<?xml version="1.0" encoding="UTF-8"?>
<coverage generated="1661882102263" clover="3.2.0">
  <project timestamp="1661882102263" name="All files">
    <metrics statements="28" coveredstatements="28" conditionals="14" coveredconditionals="12" methods="5" coveredmethods="5" elements="47" coveredelements="45" complexity="0" loc="28" ncloc="28" packages="1" files="1" classes="1"/>
    <file name="Wholesale.tsx" path="C:\Users\guigu\Downloads\ACCT\Testes unitários\tests-app\react\components\Wholesale.tsx">
      <metrics statements="28" coveredstatements="28" conditionals="14" coveredconditionals="12" methods="5" coveredmethods="5"/>
      <line num="6" count="21" type="stmt"/>
      <line num="7" count="21" type="stmt"/>
      <line num="8" count="21" type="stmt"/>
      <line num="10" count="21" type="stmt"/>
      <line num="11" count="21" type="stmt"/>
      <line num="12" count="21" type="stmt"/>
      <line num="14" count="21" type="stmt"/>
      <line num="15" count="5" type="stmt"/>
      <line num="16" count="5" type="stmt"/>
      <line num="19" count="21" type="stmt"/>
      <line num="20" count="3" type="cond" truecount="2" falsecount="0"/>
      <line num="21" count="1" type="stmt"/>
      <line num="23" count="2" type="stmt"/>
      <line num="26" count="21" type="stmt"/>
      <line num="27" count="2" type="cond" truecount="2" falsecount="0"/>
      <line num="28" count="1" type="stmt"/>
      <line num="30" count="1" type="stmt"/>
      <line num="33" count="21" type="stmt"/>
      <line num="34" count="3" type="stmt"/>
      <line num="35" count="3" type="stmt"/>
      <line num="36" count="3" type="cond" truecount="2" falsecount="0"/>
      <line num="37" count="1" type="stmt"/>
      <line num="39" count="2" type="cond" truecount="2" falsecount="0"/>
      <line num="40" count="1" type="stmt"/>
      <line num="41" count="1" type="stmt"/>
      <line num="43" count="2" type="stmt"/>
      <line num="44" count="2" type="stmt"/>
      <line num="47" count="21" type="stmt"/>
    </file>
  </project>
</coverage>
