<?xml version="1.0" encoding="UTF-8"?>
<coverage generated="1661949862337" clover="3.2.0">
  <project timestamp="1661949862337" name="All files">
    <metrics statements="22" coveredstatements="22" conditionals="14" coveredconditionals="12" methods="5" coveredmethods="5" elements="41" coveredelements="39" complexity="0" loc="22" ncloc="22" packages="1" files="1" classes="1"/>
    <file name="Wholesale.tsx" path="C:\Users\guigu\Downloads\ACCT\Testes unitários\tests-app\react\components\Wholesale.tsx">
      <metrics statements="22" coveredstatements="22" conditionals="14" coveredconditionals="12" methods="5" coveredmethods="5"/>
      <line num="6" count="18" type="stmt"/>
      <line num="7" count="18" type="stmt"/>
      <line num="8" count="18" type="stmt"/>
      <line num="10" count="18" type="stmt"/>
      <line num="11" count="18" type="stmt"/>
      <line num="12" count="18" type="stmt"/>
      <line num="14" count="18" type="stmt"/>
      <line num="15" count="4" type="stmt"/>
      <line num="16" count="4" type="stmt"/>
      <line num="19" count="18" type="stmt"/>
      <line num="20" count="2" type="cond" truecount="4" falsecount="0"/>
      <line num="24" count="18" type="stmt"/>
      <line num="25" count="2" type="cond" truecount="2" falsecount="0"/>
      <line num="29" count="18" type="stmt"/>
      <line num="30" count="2" type="stmt"/>
      <line num="31" count="2" type="stmt"/>
      <line num="32" count="2" type="cond" truecount="2" falsecount="0"/>
      <line num="33" count="1" type="stmt"/>
      <line num="34" count="1" type="stmt"/>
      <line num="36" count="2" type="stmt"/>
      <line num="37" count="2" type="stmt"/>
      <line num="40" count="18" type="stmt"/>
    </file>
  </project>
</coverage>
