{"C:\\Users\\guigu\\Downloads\\ACCT\\Testes unitários\\tests-app\\react\\components\\Wholesale.tsx": {"path":"C:\\Users\\guigu\\Downloads\\ACCT\\Testes unitários\\tests-app\\react\\components\\Wholesale.tsx","statementMap":{"0":{"start":{"line":6,"column":18},"end":{"line":6,"column":30}},"1":{"start":{"line":7,"column":18},"end":{"line":7,"column":83}},"2":{"start":{"line":8,"column":16},"end":{"line":8,"column":69}},"3":{"start":{"line":10,"column":34},"end":{"line":10,"column":53}},"4":{"start":{"line":11,"column":32},"end":{"line":11,"column":51}},"5":{"start":{"line":12,"column":31},"end":{"line":12,"column":55}},"6":{"start":{"line":14,"column":22},"end":{"line":17,"column":3}},"7":{"start":{"line":15,"column":18},"end":{"line":15,"column":72}},"8":{"start":{"line":16,"column":6},"end":{"line":16,"column":25}},"9":{"start":{"line":19,"column":19},"end":{"line":23,"column":3}},"10":{"start":{"line":20,"column":4},"end":{"line":22,"column":31}},"11":{"start":{"line":24,"column":19},"end":{"line":28,"column":3}},"12":{"start":{"line":25,"column":4},"end":{"line":27,"column":28}},"13":{"start":{"line":29,"column":23},"end":{"line":38,"column":3}},"14":{"start":{"line":30,"column":25},"end":{"line":30,"column":26}},"15":{"start":{"line":31,"column":19},"end":{"line":31,"column":22}},"16":{"start":{"line":32,"column":4},"end":{"line":35,"column":5}},"17":{"start":{"line":33,"column":6},"end":{"line":33,"column":33}},"18":{"start":{"line":34,"column":6},"end":{"line":34,"column":19}},"19":{"start":{"line":36,"column":4},"end":{"line":36,"column":61}},"20":{"start":{"line":37,"column":4},"end":{"line":37,"column":20}},"21":{"start":{"line":40,"column":2},"end":{"line":70,"column":3}}},"fnMap":{"0":{"name":"Wholesale","decl":{"start":{"line":5,"column":9},"end":{"line":5,"column":18}},"loc":{"start":{"line":5,"column":60},"end":{"line":71,"column":1}},"line":5},"1":{"name":"(anonymous_1)","decl":{"start":{"line":14,"column":22},"end":{"line":14,"column":23}},"loc":{"start":{"line":14,"column":66},"end":{"line":17,"column":3}},"line":14},"2":{"name":"(anonymous_2)","decl":{"start":{"line":19,"column":19},"end":{"line":19,"column":20}},"loc":{"start":{"line":19,"column":25},"end":{"line":23,"column":3}},"line":19},"3":{"name":"(anonymous_3)","decl":{"start":{"line":24,"column":19},"end":{"line":24,"column":20}},"loc":{"start":{"line":24,"column":25},"end":{"line":28,"column":3}},"line":24},"4":{"name":"(anonymous_4)","decl":{"start":{"line":29,"column":23},"end":{"line":29,"column":24}},"loc":{"start":{"line":29,"column":28},"end":{"line":38,"column":3}},"line":29}},"branchMap":{"0":{"loc":{"start":{"line":5,"column":20},"end":{"line":5,"column":32}},"type":"default-arg","locations":[{"start":{"line":5,"column":31},"end":{"line":5,"column":32}}],"line":5},"1":{"loc":{"start":{"line":5,"column":33},"end":{"line":5,"column":50}},"type":"default-arg","locations":[{"start":{"line":5,"column":49},"end":{"line":5,"column":50}}],"line":5},"2":{"loc":{"start":{"line":20,"column":4},"end":{"line":22,"column":30}},"type":"cond-expr","locations":[{"start":{"line":21,"column":4},"end":{"line":21,"column":24}},{"start":{"line":22,"column":4},"end":{"line":22,"column":30}}],"line":20},"3":{"loc":{"start":{"line":20,"column":4},"end":{"line":20,"column":43}},"type":"binary-expr","locations":[{"start":{"line":20,"column":4},"end":{"line":20,"column":21}},{"start":{"line":20,"column":24},"end":{"line":20,"column":43}}],"line":20},"4":{"loc":{"start":{"line":25,"column":4},"end":{"line":27,"column":28}},"type":"cond-expr","locations":[{"start":{"line":26,"column":4},"end":{"line":26,"column":18}},{"start":{"line":27,"column":4},"end":{"line":27,"column":28}}],"line":25},"5":{"loc":{"start":{"line":32,"column":10},"end":{"line":32,"column":61}},"type":"binary-expr","locations":[{"start":{"line":32,"column":10},"end":{"line":32,"column":28}},{"start":{"line":32,"column":32},"end":{"line":32,"column":61}}],"line":32},"6":{"loc":{"start":{"line":51,"column":179},"end":{"line":51,"column":193}},"type":"binary-expr","locations":[{"start":{"line":51,"column":179},"end":{"line":51,"column":187}},{"start":{"line":51,"column":191},"end":{"line":51,"column":193}}],"line":51},"7":{"loc":{"start":{"line":62,"column":9},"end":{"line":66,"column":16}},"type":"binary-expr","locations":[{"start":{"line":62,"column":9},"end":{"line":62,"column":16}},{"start":{"line":63,"column":10},"end":{"line":66,"column":16}}],"line":62}},"s":{"0":22,"1":22,"2":22,"3":22,"4":22,"5":22,"6":22,"7":5,"8":5,"9":22,"10":3,"11":22,"12":2,"13":22,"14":3,"15":3,"16":3,"17":2,"18":2,"19":3,"20":3,"21":22},"f":{"0":22,"1":5,"2":3,"3":2,"4":3},"b":{"0":[0],"1":[0],"2":[2,1],"3":[3,2],"4":[1,1],"5":[5,2],"6":[22,11],"7":[22,3]},"_coverageSchema":"1a1c01bbd47fc00a2c39e90264f33305004495a9","hash":"616d5a1f0556f1eb027b7e9dc7c86fb4ac173525"}
}
