{"C:\\Users\\guigu\\Downloads\\ACCT\\Testes unitários\\tests-app\\react\\components\\Wholesale.tsx": {"path":"C:\\Users\\guigu\\Downloads\\ACCT\\Testes unitários\\tests-app\\react\\components\\Wholesale.tsx","statementMap":{"0":{"start":{"line":6,"column":18},"end":{"line":6,"column":30}},"1":{"start":{"line":7,"column":18},"end":{"line":7,"column":83}},"2":{"start":{"line":8,"column":16},"end":{"line":8,"column":69}},"3":{"start":{"line":10,"column":34},"end":{"line":10,"column":53}},"4":{"start":{"line":11,"column":32},"end":{"line":11,"column":51}},"5":{"start":{"line":12,"column":31},"end":{"line":12,"column":55}},"6":{"start":{"line":14,"column":22},"end":{"line":17,"column":3}},"7":{"start":{"line":15,"column":18},"end":{"line":15,"column":72}},"8":{"start":{"line":16,"column":6},"end":{"line":16,"column":25}},"9":{"start":{"line":19,"column":19},"end":{"line":25,"column":3}},"10":{"start":{"line":20,"column":4},"end":{"line":24,"column":5}},"11":{"start":{"line":21,"column":6},"end":{"line":21,"column":26}},"12":{"start":{"line":23,"column":6},"end":{"line":23,"column":33}},"13":{"start":{"line":26,"column":19},"end":{"line":32,"column":3}},"14":{"start":{"line":27,"column":4},"end":{"line":31,"column":5}},"15":{"start":{"line":28,"column":6},"end":{"line":28,"column":20}},"16":{"start":{"line":30,"column":6},"end":{"line":30,"column":32}},"17":{"start":{"line":33,"column":23},"end":{"line":45,"column":3}},"18":{"start":{"line":34,"column":25},"end":{"line":34,"column":26}},"19":{"start":{"line":35,"column":19},"end":{"line":35,"column":22}},"20":{"start":{"line":36,"column":4},"end":{"line":38,"column":5}},"21":{"start":{"line":37,"column":6},"end":{"line":37,"column":12}},"22":{"start":{"line":39,"column":4},"end":{"line":42,"column":5}},"23":{"start":{"line":40,"column":6},"end":{"line":40,"column":33}},"24":{"start":{"line":41,"column":6},"end":{"line":41,"column":19}},"25":{"start":{"line":43,"column":4},"end":{"line":43,"column":61}},"26":{"start":{"line":44,"column":4},"end":{"line":44,"column":20}},"27":{"start":{"line":47,"column":2},"end":{"line":77,"column":3}}},"fnMap":{"0":{"name":"Wholesale","decl":{"start":{"line":5,"column":9},"end":{"line":5,"column":18}},"loc":{"start":{"line":5,"column":60},"end":{"line":78,"column":1}},"line":5},"1":{"name":"(anonymous_1)","decl":{"start":{"line":14,"column":22},"end":{"line":14,"column":23}},"loc":{"start":{"line":14,"column":66},"end":{"line":17,"column":3}},"line":14},"2":{"name":"(anonymous_2)","decl":{"start":{"line":19,"column":19},"end":{"line":19,"column":20}},"loc":{"start":{"line":19,"column":25},"end":{"line":25,"column":3}},"line":19},"3":{"name":"(anonymous_3)","decl":{"start":{"line":26,"column":19},"end":{"line":26,"column":20}},"loc":{"start":{"line":26,"column":25},"end":{"line":32,"column":3}},"line":26},"4":{"name":"(anonymous_4)","decl":{"start":{"line":33,"column":23},"end":{"line":33,"column":24}},"loc":{"start":{"line":33,"column":28},"end":{"line":45,"column":3}},"line":33}},"branchMap":{"0":{"loc":{"start":{"line":5,"column":20},"end":{"line":5,"column":32}},"type":"default-arg","locations":[{"start":{"line":5,"column":31},"end":{"line":5,"column":32}}],"line":5},"1":{"loc":{"start":{"line":5,"column":33},"end":{"line":5,"column":50}},"type":"default-arg","locations":[{"start":{"line":5,"column":49},"end":{"line":5,"column":50}}],"line":5},"2":{"loc":{"start":{"line":20,"column":4},"end":{"line":24,"column":5}},"type":"if","locations":[{"start":{"line":20,"column":4},"end":{"line":24,"column":5}},{"start":{"line":20,"column":4},"end":{"line":24,"column":5}}],"line":20},"3":{"loc":{"start":{"line":27,"column":4},"end":{"line":31,"column":5}},"type":"if","locations":[{"start":{"line":27,"column":4},"end":{"line":31,"column":5}},{"start":{"line":27,"column":4},"end":{"line":31,"column":5}}],"line":27},"4":{"loc":{"start":{"line":36,"column":4},"end":{"line":38,"column":5}},"type":"if","locations":[{"start":{"line":36,"column":4},"end":{"line":38,"column":5}},{"start":{"line":36,"column":4},"end":{"line":38,"column":5}}],"line":36},"5":{"loc":{"start":{"line":39,"column":10},"end":{"line":39,"column":61}},"type":"binary-expr","locations":[{"start":{"line":39,"column":10},"end":{"line":39,"column":28}},{"start":{"line":39,"column":32},"end":{"line":39,"column":61}}],"line":39},"6":{"loc":{"start":{"line":58,"column":179},"end":{"line":58,"column":193}},"type":"binary-expr","locations":[{"start":{"line":58,"column":179},"end":{"line":58,"column":187}},{"start":{"line":58,"column":191},"end":{"line":58,"column":193}}],"line":58},"7":{"loc":{"start":{"line":69,"column":9},"end":{"line":73,"column":16}},"type":"binary-expr","locations":[{"start":{"line":69,"column":9},"end":{"line":69,"column":16}},{"start":{"line":70,"column":10},"end":{"line":73,"column":16}}],"line":69}},"s":{"0":21,"1":21,"2":21,"3":21,"4":21,"5":21,"6":21,"7":5,"8":5,"9":21,"10":3,"11":1,"12":2,"13":21,"14":2,"15":1,"16":1,"17":21,"18":3,"19":3,"20":3,"21":1,"22":2,"23":1,"24":1,"25":2,"26":2,"27":21},"f":{"0":21,"1":5,"2":3,"3":2,"4":3},"b":{"0":[0],"1":[0],"2":[1,2],"3":[1,1],"4":[1,2],"5":[3,1],"6":[21,11],"7":[21,2]},"_coverageSchema":"1a1c01bbd47fc00a2c39e90264f33305004495a9","hash":"19dede12a657b2459d4a63004eea161f47c5bf73"}
}
