TN:
SF:components\Wholesale.tsx
FN:5,Wholesale
FN:14,(anonymous_1)
FN:19,(anonymous_2)
FN:26,(anonymous_3)
FN:33,(anonymous_4)
FNF:5
FNH:5
FNDA:21,Wholesale
FNDA:5,(anonymous_1)
FNDA:3,(anonymous_2)
FNDA:2,(anonymous_3)
FNDA:3,(anonymous_4)
DA:6,21
DA:7,21
DA:8,21
DA:10,21
DA:11,21
DA:12,21
DA:14,21
DA:15,5
DA:16,5
DA:19,21
DA:20,3
DA:21,1
DA:23,2
DA:26,21
DA:27,2
DA:28,1
DA:30,1
DA:33,21
DA:34,3
DA:35,3
DA:36,3
DA:37,1
DA:39,2
DA:40,1
DA:41,1
DA:43,2
DA:44,2
DA:47,21
LF:28
LH:28
BRDA:5,0,0,0
BRDA:5,1,0,0
BRDA:20,2,0,1
BRDA:20,2,1,2
BRDA:27,3,0,1
BRDA:27,3,1,1
BRDA:36,4,0,1
BRDA:36,4,1,2
BRDA:39,5,0,3
BRDA:39,5,1,1
BRDA:58,6,0,21
BRDA:58,6,1,11
BRDA:69,7,0,21
BRDA:69,7,1,2
BRF:14
BRH:12
end_of_record
