TN:
SF:components\Wholesale.tsx
FN:5,Wholesale
FN:14,(anonymous_1)
FN:19,(anonymous_2)
FN:24,(anonymous_3)
FN:29,(anonymous_4)
FNF:5
FNH:5
FNDA:22,Wholesale
FNDA:5,(anonymous_1)
FNDA:3,(anonymous_2)
FNDA:2,(anonymous_3)
FNDA:3,(anonymous_4)
DA:6,22
DA:7,22
DA:8,22
DA:10,22
DA:11,22
DA:12,22
DA:14,22
DA:15,5
DA:16,5
DA:19,22
DA:20,3
DA:24,22
DA:25,2
DA:29,22
DA:30,3
DA:31,3
DA:32,3
DA:33,2
DA:34,2
DA:36,3
DA:37,3
DA:40,22
LF:22
LH:22
BRDA:5,0,0,0
BRDA:5,1,0,0
BRDA:20,2,0,2
BRDA:20,2,1,1
BRDA:20,3,0,3
BRDA:20,3,1,2
BRDA:25,4,0,1
BRDA:25,4,1,1
BRDA:32,5,0,5
BRDA:32,5,1,2
BRDA:51,6,0,22
BRDA:51,6,1,11
BRDA:62,7,0,22
BRDA:62,7,1,3
BRF:14
BRH:12
end_of_record
